빌드 시작: 2012-10-20 오후 6:44:01
     1>2 노드의 "Z:\HDDMount\Loaded\Projects\Node\Projects\AfterBuild\Solutions\VisualStudio2012\AfterBuild\AfterBuild.vcxproj" 프로젝트(Build 대상)입니다.
     1>ClCompile:
         C:\Program Files (x86)\Microsoft Visual Studio 11.0\VC\bin\CL.exe /c /Zi /nologo /W3 /WX- /O2 /Oi /Oy- /GL /D WIN32 /D NDEBUG /D _CONSOLE /D _UNICODE /D UNICODE /Gm- /EHsc /MD /GS /Gy /fp:precise /Zc:wchar_t /Zc:forScope /Fo"Release\\" /Fd"Release\vc110.pdb" /Gd /TP /analyze- /errorReport:prompt ..\..\..\Sources\main.cpp
         main.cpp
     1>..\..\..\Sources\main.cpp(33): warning C4996: '_itow': This function or variable may be unsafe. Consider using _itow_s instead. To disable deprecation, use _CRT_SECURE_NO_WARNINGS. See online help for details.
                 C:\Program Files (x86)\Microsoft Visual Studio 11.0\VC\include\stdlib.h(666) : '_itow' 선언을 참조하십시오.
     1>..\..\..\Sources\main.cpp(38): warning C4996: 'wcscpy': This function or variable may be unsafe. Consider using wcscpy_s instead. To disable deprecation, use _CRT_SECURE_NO_WARNINGS. See online help for details.
                 C:\Program Files (x86)\Microsoft Visual Studio 11.0\VC\include\string.h(288) : 'wcscpy' 선언을 참조하십시오.
     1>..\..\..\Sources\main.cpp(39): warning C4996: 'wcscat': This function or variable may be unsafe. Consider using wcscat_s instead. To disable deprecation, use _CRT_SECURE_NO_WARNINGS. See online help for details.
                 C:\Program Files (x86)\Microsoft Visual Studio 11.0\VC\include\string.h(279) : 'wcscat' 선언을 참조하십시오.
     1>..\..\..\Sources\main.cpp(40): warning C4996: 'wcscat': This function or variable may be unsafe. Consider using wcscat_s instead. To disable deprecation, use _CRT_SECURE_NO_WARNINGS. See online help for details.
                 C:\Program Files (x86)\Microsoft Visual Studio 11.0\VC\include\string.h(279) : 'wcscat' 선언을 참조하십시오.
     1>..\..\..\Sources\main.cpp(41): warning C4996: 'wcscat': This function or variable may be unsafe. Consider using wcscat_s instead. To disable deprecation, use _CRT_SECURE_NO_WARNINGS. See online help for details.
                 C:\Program Files (x86)\Microsoft Visual Studio 11.0\VC\include\string.h(279) : 'wcscat' 선언을 참조하십시오.
       Link:
         C:\Program Files (x86)\Microsoft Visual Studio 11.0\VC\bin\link.exe /ERRORREPORT:PROMPT /OUT:"Z:\HDDMount\Loaded\Projects\Node\Projects\AfterBuild\Solutions\VisualStudio2012\\..\..\Binaries\AfterBuild.exe" /INCREMENTAL:NO /NOLOGO kernel32.lib user32.lib gdi32.lib winspool.lib comdlg32.lib advapi32.lib shell32.lib ole32.lib oleaut32.lib uuid.lib odbc32.lib odbccp32.lib /MANIFEST /MANIFESTUAC:"level='asInvoker' uiAccess='false'" /manifest:embed /DEBUG /PDB:"Z:\HDDMount\Loaded\Projects\Node\Projects\AfterBuild\Solutions\VisualStudio2012\\..\..\Binaries\AfterBuild.pdb" /SUBSYSTEM:CONSOLE /OPT:REF /OPT:ICF /LTCG /TLBID:1 /DYNAMICBASE /NXCOMPAT /IMPLIB:"Z:\HDDMount\Loaded\Projects\Node\Projects\AfterBuild\Solutions\VisualStudio2012\\..\..\Binaries\AfterBuild.lib" /MACHINE:X86 /SAFESEH Release\main.obj
         코드를 생성하고 있습니다.
         코드를 생성했습니다.
         AfterBuild.vcxproj -> Z:\HDDMount\Loaded\Projects\Node\Projects\AfterBuild\Solutions\VisualStudio2012\\..\..\Binaries\AfterBuild.exe
       PostBuildEvent:
         xcopy /e /Y Z:\HDDMount\Loaded\Projects\Node\Projects\AfterBuild\Binaries\..\Binaries Z:\HDDMount\Loaded\Projects\Node\Projects\AfterBuild\Solutions\VisualStudio2012\..\..\..\..\Resources\Applications\AfterBuild\
         :VCEnd
         Z:\HDDMount\Loaded\Projects\Node\Projects\AfterBuild\Binaries\..\Binaries\AfterBuild.exe
         Z:\HDDMount\Loaded\Projects\Node\Projects\AfterBuild\Binaries\..\Binaries\AfterBuild.pdb
         2개 파일이 복사되었습니다.
     1>"Z:\HDDMount\Loaded\Projects\Node\Projects\AfterBuild\Solutions\VisualStudio2012\AfterBuild\AfterBuild.vcxproj" 프로젝트를 빌드했습니다(Build 대상).

빌드했습니다.

경과 시간: 00:00:02.12
