Z:\HDDMount\Loaded\Projects\Node\Projects\Core\Solutions\VisualStudio2012\Editor\Developer.Debug\Banks.obj
Z:\HDDMount\Loaded\Projects\Node\Projects\Core\Solutions\VisualStudio2012\Editor\Developer.Debug\BaseConnector.obj
Z:\HDDMount\Loaded\Projects\Node\Projects\Core\Solutions\VisualStudio2012\Editor\Developer.Debug\DLLHeader.obj
Z:\HDDMount\Loaded\Projects\Node\Projects\Core\Solutions\VisualStudio2012\Editor\Developer.Debug\Editor.obj
Z:\HDDMount\Loaded\Projects\Node\Projects\Core\Solutions\VisualStudio2012\Editor\Developer.Debug\Factory.obj
Z:\HDDMount\Loaded\Projects\Node\Projects\Core\Solutions\VisualStudio2012\Editor\Developer.Debug\main.obj
Z:\HDDMount\Loaded\Projects\Node\Projects\Core\Solutions\VisualStudio2012\Editor\Developer.Debug\ModifiableSettings.obj
Z:\HDDMount\Loaded\Projects\Node\Projects\Core\Solutions\VisualStudio2012\Editor\Developer.Debug\NEButtonComponent.obj
Z:\HDDMount\Loaded\Projects\Node\Projects\Core\Solutions\VisualStudio2012\Editor\Developer.Debug\NECheckListComponent.obj
Z:\HDDMount\Loaded\Projects\Node\Projects\Core\Solutions\VisualStudio2012\Editor\Developer.Debug\NEComponent.obj
Z:\HDDMount\Loaded\Projects\Node\Projects\Core\Solutions\VisualStudio2012\Editor\Developer.Debug\NEDialog.obj
Z:\HDDMount\Loaded\Projects\Node\Projects\Core\Solutions\VisualStudio2012\Editor\Developer.Debug\NEEventHandler.obj
Z:\HDDMount\Loaded\Projects\Node\Projects\Core\Solutions\VisualStudio2012\Editor\Developer.Debug\NEListComponent.obj
Z:\HDDMount\Loaded\Projects\Node\Projects\Core\Solutions\VisualStudio2012\Editor\Developer.Debug\NEManagedScriptList.obj
Z:\HDDMount\Loaded\Projects\Node\Projects\Core\Solutions\VisualStudio2012\Editor\Developer.Debug\NEModifiableListComponent.obj
Z:\HDDMount\Loaded\Projects\Node\Projects\Core\Solutions\VisualStudio2012\Editor\Developer.Debug\NENodeDepthUnit.obj
Z:\HDDMount\Loaded\Projects\Node\Projects\Core\Solutions\VisualStudio2012\Editor\Developer.Debug\NEPanel.obj
Z:\HDDMount\Loaded\Projects\Node\Projects\Core\Solutions\VisualStudio2012\Editor\Developer.Debug\NEPanelManager.obj
Z:\HDDMount\Loaded\Projects\Node\Projects\Core\Solutions\VisualStudio2012\Editor\Developer.Debug\NEScriptEditor.obj
Z:\HDDMount\Loaded\Projects\Node\Projects\Core\Solutions\VisualStudio2012\Editor\Developer.Debug\NEScriptSelector.obj
Z:\HDDMount\Loaded\Projects\Node\Projects\Core\Solutions\VisualStudio2012\Editor\Developer.Debug\NESwitchComponent.obj
Z:\HDDMount\Loaded\Projects\Node\Projects\Core\Solutions\VisualStudio2012\Editor\Developer.Debug\NETextComponent.obj
Z:\HDDMount\Loaded\Projects\Node\Projects\Core\Solutions\VisualStudio2012\Editor\Developer.Debug\Editor.dev.dbg.dll.embed.manifest
Z:\HDDMount\Loaded\Projects\Node\Projects\Core\Solutions\VisualStudio2012\Editor\Developer.Debug\Editor.dev.dbg.dll.intermediate.manifest
Z:\HDDMount\Loaded\Projects\Node\Projects\Core\Solutions\VisualStudio2012\Editor\Developer.Debug\Editor.dev.dbg.dll.embed.manifest.res
Z:\HDDMount\Loaded\Projects\Node\Projects\Core\Solutions\VisualStudio2012\Editor\Developer.Debug\vc90.idb
Z:\HDDMount\Loaded\Projects\Node\Projects\Core\Solutions\VisualStudio2012\Editor\Developer.Debug\vc90.pdb
