빌드 시작: 2012-10-22 오후 4:44:32
     1>2 노드의 "Z:\HDDMount\Loaded\Projects\Node\Projects\Core\Solutions\VisualStudio2012\Editor\Editor.vcxproj" 프로젝트(Build 대상)입니다.
     1>C:\Program Files (x86)\MSBuild\Microsoft.Cpp\v4.0\V110\Microsoft.CppBuild.targets(346,5): warning MSB8004: Output Directory does not end with a trailing slash.  This build instance will add the slash as it is required to allow proper evaluation of the Output Directory.
     1>Link:
         C:\Program Files (x86)\Microsoft Visual Studio 11.0\VC\bin\link.exe /ERRORREPORT:PROMPT /OUT:"Z:\HDDMount\Loaded\Projects\Node\Projects\Core\Solutions\VisualStudio2012\Editor\..\..\..\Binaries\Core\Editor.dev.dbg.dll" /INCREMENTAL /NOLOGO kernel32.lib user32.lib gdi32.lib winspool.lib comdlg32.lib advapi32.lib shell32.lib ole32.lib oleaut32.lib uuid.lib odbc32.lib odbccp32.lib /MANIFEST /MANIFESTUAC:"level='asInvoker' uiAccess='false'" /manifest:embed /DEBUG /PDB:"Z:\HDDMount\Loaded\Projects\Node\Projects\Core\Binaries\Core\Editor.dev.dbg.dev.dbg.pdb" /SUBSYSTEM:WINDOWS /TLBID:1 /DYNAMICBASE /NXCOMPAT /IMPLIB:"Z:\HDDMount\Loaded\Projects\Node\Projects\Core\Solutions\VisualStudio2012\Editor\..\..\..\Binaries\Core\Editor.dev.dbg.lib" /MACHINE:X86 /SAFESEH /DLL Developer.Debug\main.obj
         Developer.Debug\NENodeDepthUnit.obj
         Developer.Debug\NEManagedScriptList.obj
         Developer.Debug\Banks.obj
         Developer.Debug\NEScriptSelector.obj
         Developer.Debug\Editor.obj
         Developer.Debug\Factory.obj
         Developer.Debug\ModifiableSettings.obj
         Developer.Debug\NEEventHandler.obj
         Developer.Debug\DLLHeaderList.obj
         Developer.Debug\NEPanelManager.obj
         Developer.Debug\DLLHeader.obj
         Developer.Debug\NEScriptEditor.obj
         Developer.Debug\NEComponent.obj
         Developer.Debug\NETextComponent.obj
         Developer.Debug\NEListComponent.obj
         Developer.Debug\NECheckListComponent.obj
         Developer.Debug\NEModifiableListComponent.obj
         Developer.Debug\NESwitchComponent.obj
         Developer.Debug\NEButtonComponent.obj
         Developer.Debug\NEPanel.obj
         Developer.Debug\NEDialog.obj
         Developer.Debug\BaseConnector.obj
     1>main.obj : warning LNK4075: '/EDITANDCONTINUE'이(가) '/SAFESEH' 사양으로 인해 무시됩니다.
            Z:\HDDMount\Loaded\Projects\Node\Projects\Core\Solutions\VisualStudio2012\Editor\..\..\..\Binaries\Core\Editor.dev.dbg.lib 라이브러리 및 Z:\HDDMount\Loaded\Projects\Node\Projects\Core\Solutions\VisualStudio2012\Editor\..\..\..\Binaries\Core\Editor.dev.dbg.exp 개체를 생성하고 있습니다.
         Editor.vcxproj -> Z:\HDDMount\Loaded\Projects\Node\Projects\Core\Solutions\VisualStudio2012\Editor\..\..\..\Binaries\Core\Editor.dev.dbg.dll
       PostBuildEvent:
         Z:\HDDMount\Loaded\Projects\Node\Projects\Core\Solutions\VisualStudio2012\Editor\..\..\..\..\..\Resources\Applications\AfterBuild\AfterBuild.exe Z:\HDDMount\Loaded\Projects\Node\Projects\Core\Solutions\VisualStudio2012\Editor\VersionNo.ini Z:\HDDMount\Loaded\Projects\Node\Projects\Core\Binaries\Core\..\Core Z:\HDDMount\Loaded\Projects\Node\Projects\Core\Solutions\VisualStudio2012\Editor\..\..\..\..\..\SDK\Libraries\
         :VCEnd
         Z:\HDDMount\Loaded\Projects\Node\Projects\Core\Binaries\Core\..\Core\Editor.dev.dbg.dev.dbg.pdb
         Z:\HDDMount\Loaded\Projects\Node\Projects\Core\Binaries\Core\..\Core\Editor.dev.dbg.dll
         Z:\HDDMount\Loaded\Projects\Node\Projects\Core\Binaries\Core\..\Core\Editor.dev.dbg.exp
         Z:\HDDMount\Loaded\Projects\Node\Projects\Core\Binaries\Core\..\Core\Editor.dev.dbg.ilk
         Z:\HDDMount\Loaded\Projects\Node\Projects\Core\Binaries\Core\..\Core\Editor.dev.dbg.lib
         Z:\HDDMount\Loaded\Projects\Node\Projects\Core\Binaries\Core\..\Core\FileAccess.dev.dbg.dll
         Z:\HDDMount\Loaded\Projects\Node\Projects\Core\Binaries\Core\..\Core\FileAccess.dev.dbg.exp
         Z:\HDDMount\Loaded\Projects\Node\Projects\Core\Binaries\Core\..\Core\FileAccess.dev.dbg.ilk
         Z:\HDDMount\Loaded\Projects\Node\Projects\Core\Binaries\Core\..\Core\FileAccess.dev.dbg.lib
         Z:\HDDMount\Loaded\Projects\Node\Projects\Core\Binaries\Core\..\Core\FileAccess.dev.dbg.pdb
         Z:\HDDMount\Loaded\Projects\Node\Projects\Core\Binaries\Core\..\Core\FileSystem.dev.dbg.dll
         Z:\HDDMount\Loaded\Projects\Node\Projects\Core\Binaries\Core\..\Core\FileSystem.dev.dbg.exp
         Z:\HDDMount\Loaded\Projects\Node\Projects\Core\Binaries\Core\..\Core\FileSystem.dev.dbg.ilk
         Z:\HDDMount\Loaded\Projects\Node\Projects\Core\Binaries\Core\..\Core\FileSystem.dev.dbg.lib
         Z:\HDDMount\Loaded\Projects\Node\Projects\Core\Binaries\Core\..\Core\FileSystem.dev.dbg.pdb
         Z:\HDDMount\Loaded\Projects\Node\Projects\Core\Binaries\Core\..\Core\Kernal.dev.dbg.dll
         Z:\HDDMount\Loaded\Projects\Node\Projects\Core\Binaries\Core\..\Core\Kernal.dev.dbg.exp
         Z:\HDDMount\Loaded\Projects\Node\Projects\Core\Binaries\Core\..\Core\Kernal.dev.dbg.ilk
         Z:\HDDMount\Loaded\Projects\Node\Projects\Core\Binaries\Core\..\Core\Kernal.dev.dbg.lib
         Z:\HDDMount\Loaded\Projects\Node\Projects\Core\Binaries\Core\..\Core\Kernal.dev.dbg.pdb
         20개 파일이 복사되었습니다.
     1>"Z:\HDDMount\Loaded\Projects\Node\Projects\Core\Solutions\VisualStudio2012\Editor\Editor.vcxproj" 프로젝트를 빌드했습니다(Build 대상).

빌드했습니다.

경과 시간: 00:00:02.60
