빌드 시작: 2012-10-22 오후 5:02:52
     1>2 노드의 "Z:\Node\Projects\WindowModules\Solutions\VisualStudio2012\WindowModule\Window Module.vcxproj" 프로젝트(Build 대상)입니다.
     1>ClCompile:
         C:\Program Files (x86)\Microsoft Visual Studio 11.0\VC\bin\CL.exe /c /ZI /nologo /W3 /WX- /Od /Oy- /D WIN32 /D _DEBUG /D _WINDOWS /D _UNICODE /D _USRDLL /D DEVELOPER /D Window_Module_EXPORTS /D _WINDLL /D _UNICODE /D UNICODE /Gm /EHsc /RTC1 /MDd /GS /fp:precise /Zc:wchar_t /Zc:forScope /Fo"Developer.Debug\\" /Fd"Developer.Debug\vc110.pdb" /Gd /TP /analyze- /errorReport:prompt ..\..\..\Sources\WindowModule\Sources\EntryPoints\main.cpp ..\..\..\Sources\WindowModule\Sources\Modules\WNDManager\WNDManager.cpp ..\..\..\Sources\WindowModule\Sources\Modules\WND\WND.cpp ..\..\..\Sources\WindowModule\Sources\Modules\WND\Window\Window.cpp ..\..\..\Sources\WindowModule\Sources\Modules\WND\Window\innerclass\WindowConnector\WindowConnector.cpp ..\..\..\Sources\WindowModule\Sources\Modules\WND\innerclass\WNDConnector\WNDConnector.cpp ..\..\..\Sources\WindowModule\Sources\Modules\WNDShowManipulator\WNDShowManipulator.cpp ..\..\..\Sources\WindowModule\Sources\Modules\WNDDomainManipulator\WNDDomainManipulator.cpp ..\..\..\Sources\WindowModule\Sources\Modules\WNDSpy\WNDSpy.cpp ..\..\..\Sources\WindowModule\Sources\Modules\WNDSpy\MouseSpy\MouseSpy.cpp ..\..\..\Sources\WindowModule\Sources\Modules\WNDSpy\MouseSpy\innerclass\MouseSpyConnector\MouseSpyConnector.cpp
         MouseSpyConnector.cpp
         MouseSpy.cpp
         WNDSpy.cpp
         WNDDomainManipulator.cpp
         WNDShowManipulator.cpp
         WNDConnector.cpp
         WindowConnector.cpp
         Window.cpp
         WND.cpp
         WNDManager.cpp
         main.cpp
         코드를 생성하고 있습니다...
       Link:
         C:\Program Files (x86)\Microsoft Visual Studio 11.0\VC\bin\link.exe /ERRORREPORT:PROMPT /OUT:"Z:\Node\Projects\WindowModules\Solutions\VisualStudio2012\WindowModule\..\..\..\Binaries\WindowModule\WindowModule.dev.dbg.dll" /INCREMENTAL /NOLOGO kernel32.lib user32.lib gdi32.lib winspool.lib comdlg32.lib advapi32.lib shell32.lib ole32.lib oleaut32.lib uuid.lib odbc32.lib odbccp32.lib /MANIFEST /MANIFESTUAC:"level='asInvoker' uiAccess='false'" /manifest:embed /DEBUG /PDB:"Z:\Node\Projects\WindowModules\Solutions\VisualStudio2012\WindowModule\..\..\..\Binaries\WindowModule\WindowModule.dev.dbg.pdb" /SUBSYSTEM:WINDOWS /TLBID:1 /DYNAMICBASE /NXCOMPAT /IMPLIB:"Z:\Node\Projects\WindowModules\Solutions\VisualStudio2012\WindowModule\..\..\..\Binaries\WindowModule\WindowModule.dev.dbg.lib" /MACHINE:X86 /SAFESEH /DLL Developer.Debug\main.obj
         Developer.Debug\WNDManager.obj
         Developer.Debug\WND.obj
         Developer.Debug\Window.obj
         Developer.Debug\WindowConnector.obj
         Developer.Debug\WNDConnector.obj
         Developer.Debug\WNDShowManipulator.obj
         Developer.Debug\WNDDomainManipulator.obj
         Developer.Debug\WNDSpy.obj
         Developer.Debug\MouseSpy.obj
         Developer.Debug\MouseSpyConnector.obj
     1>main.obj : warning LNK4075: '/EDITANDCONTINUE'이(가) '/SAFESEH' 사양으로 인해 무시됩니다.
            Z:\Node\Projects\WindowModules\Solutions\VisualStudio2012\WindowModule\..\..\..\Binaries\WindowModule\WindowModule.dev.dbg.lib 라이브러리 및 Z:\Node\Projects\WindowModules\Solutions\VisualStudio2012\WindowModule\..\..\..\Binaries\WindowModule\WindowModule.dev.dbg.exp 개체를 생성하고 있습니다.
         Window Module.vcxproj -> Z:\Node\Projects\WindowModules\Solutions\VisualStudio2012\WindowModule\..\..\..\Binaries\WindowModule\WindowModule.dev.dbg.dll
       PostBuildEvent:
         Z:\Node\Projects\WindowModules\Solutions\VisualStudio2012\WindowModule\..\..\..\..\..\Resources\Applications\AfterBuild\AfterBuild.exe Z:\Node\Projects\WindowModules\Solutions\VisualStudio2012\WindowModule\VersionNo.ini Z:\Node\Projects\WindowModules\Binaries\WindowModule\..\WindowModule Z:\Node\Projects\WindowModules\Solutions\VisualStudio2012\WindowModule\..\..\..\..\..\SDK\Libraries\Modules
         :VCEnd
         Z:\Node\Projects\WindowModules\Binaries\WindowModule\..\WindowModule\WindowModule.dev.dbg.dll
         Z:\Node\Projects\WindowModules\Binaries\WindowModule\..\WindowModule\WindowModule.dev.dbg.exp
         Z:\Node\Projects\WindowModules\Binaries\WindowModule\..\WindowModule\WindowModule.dev.dbg.ilk
         Z:\Node\Projects\WindowModules\Binaries\WindowModule\..\WindowModule\WindowModule.dev.dbg.lib
         Z:\Node\Projects\WindowModules\Binaries\WindowModule\..\WindowModule\WindowModule.dev.dbg.pdb
         5개 파일이 복사되었습니다.
     1>"Z:\Node\Projects\WindowModules\Solutions\VisualStudio2012\WindowModule\Window Module.vcxproj" 프로젝트를 빌드했습니다(Build 대상).

빌드했습니다.

경과 시간: 00:00:14.14
