빌드 시작: 2012-10-22 오후 4:39:28
     1>2 노드의 "Z:\HDDMount\Loaded\Projects\Node\Projects\Core\Solutions\VisualStudio2012\FileAccess\FileAccess.vcxproj" 프로젝트(Build 대상)입니다.
     1>C:\Program Files (x86)\MSBuild\Microsoft.Cpp\v4.0\V110\Microsoft.CppBuild.targets(346,5): warning MSB8004: Output Directory does not end with a trailing slash.  This build instance will add the slash as it is required to allow proper evaluation of the Output Directory.
     1>ClCompile:
         C:\Program Files (x86)\Microsoft Visual Studio 11.0\VC\bin\CL.exe /c /ZI /nologo /W3 /WX- /Od /Oy- /D WIN32 /D _DEBUG /D _WINDOWS /D _USRDLL /D FILEACCESS_EXPORTS /D DEVELOPER /D CORES_BUILD_MODE /D _WINDLL /D _UNICODE /D UNICODE /Gm /EHsc /RTC1 /MDd /GS /fp:precise /Zc:wchar_t /Zc:forScope /Fo"Developer.Debug\\" /Fd"Developer.Debug\vc110.pdb" /Gd /TP /analyze- /errorReport:prompt ..\..\..\Sources\FileAccess\Sources\EntryPoints\main.cpp ..\..\..\Sources\FileAccess\Sources\Modules\NEBinaryFileAccessor\NEBinaryFileAccessor.cpp ..\..\..\Sources\FileAccess\Sources\Modules\NEBinaryFileAccessor\NEBinaryFileLoader\NEBinaryFileLoader.cpp ..\..\..\Sources\FileAccess\Sources\Modules\NEBinaryFileAccessor\NEBinaryFileSaver\NEBinaryFileSaver.cpp ..\..\..\Sources\FileAccess\Sources\Modules\NESequencialFileAccessor\NESequencialFileLoader\NESequencialFileLoader.cpp ..\..\..\Sources\FileAccess\Sources\Modules\NESequencialFileAccessor\NESequencialFileSaver\NESequencialFileSaver.cpp
         main.cpp
         코드를 생성하고 있습니다...
         컴파일하고 있습니다...
         NESequencialFileSaver.cpp
         NESequencialFileLoader.cpp
         NEBinaryFileSaver.cpp
     1>z:\hddmount\loaded\projects\node\projects\core\sources\fileaccess\sources\modules\nebinaryfileaccessor\nebinaryfilesaver\nebinaryfilesaver.cpp(189): warning C4244: 'return' : 'std::streamoff'에서 'long'(으)로 변환하면서 데이터가 손실될 수 있습니다.
         NEBinaryFileLoader.cpp
     1>z:\hddmount\loaded\projects\node\projects\core\sources\fileaccess\sources\modules\nebinaryfileaccessor\nebinaryfileloader\nebinaryfileloader.cpp(158): warning C4244: 'return' : 'std::streamoff'에서 'long'(으)로 변환하면서 데이터가 손실될 수 있습니다.
         NEBinaryFileAccessor.cpp
         코드를 생성하고 있습니다...
       Link:
         C:\Program Files (x86)\Microsoft Visual Studio 11.0\VC\bin\link.exe /ERRORREPORT:PROMPT /OUT:"Z:\HDDMount\Loaded\Projects\Node\Projects\Core\Solutions\VisualStudio2012\FileAccess\..\..\..\Binaries\Core\FileAccess.dev.dbg.dll" /NOLOGO kernel32.lib user32.lib gdi32.lib winspool.lib comdlg32.lib advapi32.lib shell32.lib ole32.lib oleaut32.lib uuid.lib odbc32.lib odbccp32.lib /MANIFEST /MANIFESTUAC:"level='asInvoker' uiAccess='false'" /manifest:embed /DEBUG /PDB:"Z:\HDDMount\Loaded\Projects\Node\Projects\Core\Binaries\Core\FileAccess.dev.dbg.pdb" /SUBSYSTEM:WINDOWS /TLBID:1 /DYNAMICBASE /NXCOMPAT /IMPLIB:"Z:\HDDMount\Loaded\Projects\Node\Projects\Core\Solutions\VisualStudio2012\FileAccess\..\..\..\Binaries\Core\FileAccess.dev.dbg.lib" /MACHINE:X86 /SAFESEH /DLL Developer.Debug\main.obj
         Developer.Debug\NESequencialFileLoader.obj
         Developer.Debug\NESequencialFileSaver.obj
         Developer.Debug\NEBinaryFileAccessor.obj
         Developer.Debug\NEBinaryFileSaver.obj
         Developer.Debug\NEBinaryFileLoader.obj
     1>main.obj : warning LNK4075: '/EDITANDCONTINUE'이(가) '/SAFESEH' 사양으로 인해 무시됩니다.
            Z:\HDDMount\Loaded\Projects\Node\Projects\Core\Solutions\VisualStudio2012\FileAccess\..\..\..\Binaries\Core\FileAccess.dev.dbg.lib 라이브러리 및 Z:\HDDMount\Loaded\Projects\Node\Projects\Core\Solutions\VisualStudio2012\FileAccess\..\..\..\Binaries\Core\FileAccess.dev.dbg.exp 개체를 생성하고 있습니다.
         FileAccess.vcxproj -> Z:\HDDMount\Loaded\Projects\Node\Projects\Core\Solutions\VisualStudio2012\FileAccess\..\..\..\Binaries\Core\FileAccess.dev.dbg.dll
       PostBuildEvent:
         Z:\HDDMount\Loaded\Projects\Node\Projects\Core\Solutions\VisualStudio2012\FileAccess\..\..\..\..\..\Resources\Applications\AfterBuild\AfterBuild.exe Z:\HDDMount\Loaded\Projects\Node\Projects\Core\Solutions\VisualStudio2012\FileAccess\VersionNo.ini Z:\HDDMount\Loaded\Projects\Node\Projects\Core\Binaries\Core\..\Core Z:\HDDMount\Loaded\Projects\Node\Projects\Core\Solutions\VisualStudio2012\FileAccess\..\..\..\..\..\SDK\Libraries\
         :VCEnd
         Z:\HDDMount\Loaded\Projects\Node\Projects\Core\Binaries\Core\..\Core\FileAccess.dev.dbg.dll
         Z:\HDDMount\Loaded\Projects\Node\Projects\Core\Binaries\Core\..\Core\FileAccess.dev.dbg.exp
         Z:\HDDMount\Loaded\Projects\Node\Projects\Core\Binaries\Core\..\Core\FileAccess.dev.dbg.ilk
         Z:\HDDMount\Loaded\Projects\Node\Projects\Core\Binaries\Core\..\Core\FileAccess.dev.dbg.lib
         Z:\HDDMount\Loaded\Projects\Node\Projects\Core\Binaries\Core\..\Core\FileAccess.dev.dbg.pdb
         Z:\HDDMount\Loaded\Projects\Node\Projects\Core\Binaries\Core\..\Core\FileSystem.dev.dbg.dll
         Z:\HDDMount\Loaded\Projects\Node\Projects\Core\Binaries\Core\..\Core\FileSystem.dev.dbg.exp
         Z:\HDDMount\Loaded\Projects\Node\Projects\Core\Binaries\Core\..\Core\FileSystem.dev.dbg.ilk
         Z:\HDDMount\Loaded\Projects\Node\Projects\Core\Binaries\Core\..\Core\FileSystem.dev.dbg.lib
         Z:\HDDMount\Loaded\Projects\Node\Projects\Core\Binaries\Core\..\Core\FileSystem.dev.dbg.pdb
         10개 파일이 복사되었습니다.
     1>"Z:\HDDMount\Loaded\Projects\Node\Projects\Core\Solutions\VisualStudio2012\FileAccess\FileAccess.vcxproj" 프로젝트를 빌드했습니다(Build 대상).

빌드했습니다.

경과 시간: 00:00:07.20
