빌드 시작: 2012-10-23 오후 3:09:19
     1>2 노드의 "Z:\HDDMount\Loaded\Projects\Node\Projects\Cooee\Solutions\VisualStudio2012\CooeeHandler\CooeeHandler.vcxproj" 프로젝트(Build 대상)입니다.
     1>ClCompile:
         C:\Program Files (x86)\Microsoft Visual Studio 11.0\VC\bin\CL.exe /c /ZI /nologo /W3 /WX- /Od /Oy- /D WIN32 /D _DEBUG /D _WINDOWS /D _UNICODE /D _USRDLL /D DEVELOPER /D CooeeHandler_EXPORTS /D _WINDLL /D _UNICODE /D UNICODE /Gm /EHsc /RTC1 /MDd /GS /fp:precise /Zc:wchar_t /Zc:forScope /Fo"Developer.Debug\\" /Fd"Developer.Debug\vc110.pdb" /Gd /TP /analyze- /errorReport:prompt ..\..\..\Sources\CooeeHandler\Sources\EntryPoints\main.cpp ..\..\..\Sources\CooeeHandler\Sources\Modules\CooeeHandler\Execute\CooeeHandler.cpp
         CooeeHandler.cpp
         main.cpp
         코드를 생성하고 있습니다...
       Link:
         C:\Program Files (x86)\Microsoft Visual Studio 11.0\VC\bin\link.exe /ERRORREPORT:PROMPT /OUT:"Z:\HDDMount\Loaded\Projects\Node\Projects\Cooee\Solutions\VisualStudio2012\CooeeHandler\..\..\..\Binaries\CooeeHandler\CooeeHandler.dev.dbg.dll" /INCREMENTAL /NOLOGO kernel32.lib user32.lib gdi32.lib winspool.lib comdlg32.lib advapi32.lib shell32.lib ole32.lib oleaut32.lib uuid.lib odbc32.lib odbccp32.lib /MANIFEST /MANIFESTUAC:"level='asInvoker' uiAccess='false'" /manifest:embed /DEBUG /PDB:"Z:\HDDMount\Loaded\Projects\Node\Projects\Cooee\Solutions\VisualStudio2012\CooeeHandler\..\..\..\Binaries\CooeeHandler\CooeeHandler.dev.dbg.pdb" /SUBSYSTEM:WINDOWS /TLBID:1 /DYNAMICBASE /NXCOMPAT /IMPLIB:"Z:\HDDMount\Loaded\Projects\Node\Projects\Cooee\Solutions\VisualStudio2012\CooeeHandler\..\..\..\Binaries\CooeeHandler\CooeeHandler.dev.dbg.lib" /MACHINE:X86 /SAFESEH /DLL Developer.Debug\main.obj
         Developer.Debug\CooeeHandler.obj
     1>main.obj : warning LNK4075: '/EDITANDCONTINUE'이(가) '/SAFESEH' 사양으로 인해 무시됩니다.
            Z:\HDDMount\Loaded\Projects\Node\Projects\Cooee\Solutions\VisualStudio2012\CooeeHandler\..\..\..\Binaries\CooeeHandler\CooeeHandler.dev.dbg.lib 라이브러리 및 Z:\HDDMount\Loaded\Projects\Node\Projects\Cooee\Solutions\VisualStudio2012\CooeeHandler\..\..\..\Binaries\CooeeHandler\CooeeHandler.dev.dbg.exp 개체를 생성하고 있습니다.
         CooeeHandler.vcxproj -> Z:\HDDMount\Loaded\Projects\Node\Projects\Cooee\Solutions\VisualStudio2012\CooeeHandler\..\..\..\Binaries\CooeeHandler\CooeeHandler.dev.dbg.dll
       PostBuildEvent:
         Z:\HDDMount\Loaded\Projects\Node\Projects\Cooee\Solutions\VisualStudio2012\CooeeHandler\..\..\..\..\..\Resources\Applications\AfterBuild\AfterBuild.exe Z:\HDDMount\Loaded\Projects\Node\Projects\Cooee\Solutions\VisualStudio2012\CooeeHandler\VersionNo.ini Z:\HDDMount\Loaded\Projects\Node\Projects\Cooee\Binaries\CooeeHandler\..\CooeeHandler Z:\HDDMount\Loaded\Projects\Node\Projects\Cooee\Solutions\VisualStudio2012\CooeeHandler\..\..\..\..\..\SDK\Libraries\Modules
         :VCEnd
         Z:\HDDMount\Loaded\Projects\Node\Projects\Cooee\Binaries\CooeeHandler\..\CooeeHandler\CooeeHandler.dev.dbg.dll
         Z:\HDDMount\Loaded\Projects\Node\Projects\Cooee\Binaries\CooeeHandler\..\CooeeHandler\CooeeHandler.dev.dbg.exp
         Z:\HDDMount\Loaded\Projects\Node\Projects\Cooee\Binaries\CooeeHandler\..\CooeeHandler\CooeeHandler.dev.dbg.ilk
         Z:\HDDMount\Loaded\Projects\Node\Projects\Cooee\Binaries\CooeeHandler\..\CooeeHandler\CooeeHandler.dev.dbg.lib
         Z:\HDDMount\Loaded\Projects\Node\Projects\Cooee\Binaries\CooeeHandler\..\CooeeHandler\CooeeHandler.dev.dbg.pdb
         5개 파일이 복사되었습니다.
     1>"Z:\HDDMount\Loaded\Projects\Node\Projects\Cooee\Solutions\VisualStudio2012\CooeeHandler\CooeeHandler.vcxproj" 프로젝트를 빌드했습니다(Build 대상).

빌드했습니다.

경과 시간: 00:00:10.91
