빌드 시작: 2012-10-22 오후 5:03:21
     1>3 노드의 "Z:\Node\Projects\WindowModules\Solutions\VisualStudio2012\MessageboxModule\MessagePackage.vcxproj" 프로젝트(Build 대상)입니다.
     1>ClCompile:
         C:\Program Files (x86)\Microsoft Visual Studio 11.0\VC\bin\CL.exe /c /ZI /nologo /W3 /WX- /Od /Oy- /D WIN32 /D _DEBUG /D _WINDOWS /D _UNICODE /D _USRDLL /D DEVELOPER /D MessagePackage_EXPORTS /D _WINDLL /D _UNICODE /D UNICODE /Gm /EHsc /RTC1 /MDd /GS /fp:precise /Zc:wchar_t /Zc:forScope /Fo"Developer.Debug\\" /Fd"Developer.Debug\vc110.pdb" /Gd /TP /analyze- /errorReport:prompt ..\..\..\Sources\MessageboxModule\Sources\EntryPoints\main.cpp ..\..\..\Sources\MessageboxModule\Sources\Modules\MessageBox\Execute\MessageBox.cpp
         MessageBox.cpp
         main.cpp
         코드를 생성하고 있습니다...
       Link:
         C:\Program Files (x86)\Microsoft Visual Studio 11.0\VC\bin\link.exe /ERRORREPORT:PROMPT /OUT:"Z:\Node\Projects\WindowModules\Solutions\VisualStudio2012\MessageboxModule\..\..\..\Binaries\MessagePackage\MessagePackage.dev.dbg.dll" /INCREMENTAL /NOLOGO kernel32.lib user32.lib gdi32.lib winspool.lib comdlg32.lib advapi32.lib shell32.lib ole32.lib oleaut32.lib uuid.lib odbc32.lib odbccp32.lib /MANIFEST /MANIFESTUAC:"level='asInvoker' uiAccess='false'" /manifest:embed /DEBUG /PDB:"Z:\Node\Projects\WindowModules\Solutions\VisualStudio2012\MessageboxModule\..\..\..\Binaries\MessagePackage\MessagePackage.dev.dbg.pdb" /SUBSYSTEM:WINDOWS /TLBID:1 /DYNAMICBASE /NXCOMPAT /IMPLIB:"Z:\Node\Projects\WindowModules\Solutions\VisualStudio2012\MessageboxModule\..\..\..\Binaries\MessagePackage\MessagePackage.dev.dbg.lib" /MACHINE:X86 /SAFESEH /DLL Developer.Debug\main.obj
         Developer.Debug\MessageBox.obj
     1>main.obj : warning LNK4075: '/EDITANDCONTINUE'이(가) '/SAFESEH' 사양으로 인해 무시됩니다.
            Z:\Node\Projects\WindowModules\Solutions\VisualStudio2012\MessageboxModule\..\..\..\Binaries\MessagePackage\MessagePackage.dev.dbg.lib 라이브러리 및 Z:\Node\Projects\WindowModules\Solutions\VisualStudio2012\MessageboxModule\..\..\..\Binaries\MessagePackage\MessagePackage.dev.dbg.exp 개체를 생성하고 있습니다.
         MessagePackage.vcxproj -> Z:\Node\Projects\WindowModules\Solutions\VisualStudio2012\MessageboxModule\..\..\..\Binaries\MessagePackage\MessagePackage.dev.dbg.dll
       PostBuildEvent:
         Z:\Node\Projects\WindowModules\Solutions\VisualStudio2012\MessageboxModule\..\..\..\..\..\Resources\Applications\AfterBuild\AfterBuild.exe Z:\Node\Projects\WindowModules\Solutions\VisualStudio2012\MessageboxModule\VersionNo.ini Z:\Node\Projects\WindowModules\Binaries\MessagePackage\..\MessagePackage Z:\Node\Projects\WindowModules\Solutions\VisualStudio2012\MessageboxModule\..\..\..\..\..\SDK\Libraries\Modules
         :VCEnd
         Z:\Node\Projects\WindowModules\Binaries\MessagePackage\..\MessagePackage\MessagePackage.dev.dbg.dll
         Z:\Node\Projects\WindowModules\Binaries\MessagePackage\..\MessagePackage\MessagePackage.dev.dbg.exp
         Z:\Node\Projects\WindowModules\Binaries\MessagePackage\..\MessagePackage\MessagePackage.dev.dbg.ilk
         Z:\Node\Projects\WindowModules\Binaries\MessagePackage\..\MessagePackage\MessagePackage.dev.dbg.lib
         Z:\Node\Projects\WindowModules\Binaries\MessagePackage\..\MessagePackage\MessagePackage.dev.dbg.pdb
         5개 파일이 복사되었습니다.
     1>"Z:\Node\Projects\WindowModules\Solutions\VisualStudio2012\MessageboxModule\MessagePackage.vcxproj" 프로젝트를 빌드했습니다(Build 대상).

빌드했습니다.

경과 시간: 00:00:04.02
