Grammar

    0 $accept: prog $end

    1 prog: INT ';'


Terminals, with rules where they appear

    $end (0) 0
    ';' (59) 1
    error (256)
    INT <nint> (258) 1


Nonterminals, with rules where they appear

    $accept (5)
        on left: 0
    prog <voidp> (6)
        on left: 1
        on right: 0


State 0

    0 $accept: • prog $end

    INT  shift, and go to state 1

    prog  go to state 2


State 1

    1 prog: INT • ';'

    ';'  shift, and go to state 3


State 2

    0 $accept: prog • $end

    $end  shift, and go to state 4


State 3

    1 prog: INT ';' •

    $default  reduce using rule 1 (prog)


State 4

    0 $accept: prog $end •

    $default  accept
