[1번째 에러]
날짜=07/29/10
시간=01:46:00
에러종류=경고XX:	지원하지않는 오디오 파일 확장자입니다. 파일을 읽지 않습니다. 파일명: ..\resource\MusicMono.wav
에러가 발생한 함수명=CAudioBuffer::load
========================================= 
[헤더]
에러횟수=32
[2번째 에러]
날짜=07/29/10
시간=01:46:25
에러종류=경고XX:	지원하지않는 오디오 파일 확장자입니다. 파일을 읽지 않습니다. 파일명: ..\resource\MusicMono.wav
에러가 발생한 함수명=CAudioBuffer::load
========================================= 
[3번째 에러]
날짜=07/29/10
시간=01:46:36
에러종류=경고XX:	지원하지않는 오디오 파일 확장자입니다. 파일을 읽지 않습니다. 파일명: ..\resource\MusicMono.wav
에러가 발생한 함수명=CAudioBuffer::load
========================================= 
[4번째 에러]
날짜=07/29/10
시간=01:47:55
에러종류=경고XX:	지원하지않는 오디오 파일 확장자입니다. 파일을 읽지 않습니다. 파일명: ..\resource\MusicMono.wav
에러가 발생한 함수명=CAudioBuffer::load
========================================= 
[5번째 에러]
날짜=07/29/10
시간=01:48:11
에러종류=경고XX:	지원하지않는 오디오 파일 확장자입니다. 파일을 읽지 않습니다. 파일명: ..\resource\MusicMono.wav
에러가 발생한 함수명=CAudioBuffer::load
========================================= 
[6번째 에러]
날짜=07/29/10
시간=01:48:25
에러종류=경고XX:	지원하지않는 오디오 파일 확장자입니다. 파일을 읽지 않습니다. 파일명: ..\resource\MusicMono.wav
에러가 발생한 함수명=CAudioBuffer::load
========================================= 
[7번째 에러]
날짜=07/29/10
시간=01:52:28
에러종류=경고XX:	지원하는 음악파일이지만, 읽는데 실패했습니다. 파일이 재생되지 않습니다. 파일명: ..\resource\MusicMono.wav
에러가 발생한 함수명=CAudioBuffer::load
========================================= 
[8번째 에러]
날짜=07/29/10
시간=01:52:40
에러종류=경고XX:	지원하는 음악파일이지만, 읽는데 실패했습니다. 파일이 재생되지 않습니다. 파일명: ..\resource\MusicMono.wav
에러가 발생한 함수명=CAudioBuffer::load
========================================= 
[9번째 에러]
날짜=07/29/10
시간=02:04:09
에러종류=경고XX:	지원하는 음악파일이지만, 읽는데 실패했습니다. 파일이 재생되지 않습니다. 파일명: ..\resource\MusicMono.wav
에러가 발생한 함수명=CAudioBuffer::load
========================================= 
[10번째 에러]
날짜=07/29/10
시간=03:42:29
에러종류=경고XX:	효과음뱅크의 허용량(capacity)의 설정이 0보다 작거나 같습니다. 음악 파일을 추가하지 못하게됩니다.
에러가 발생한 함수명=CAudio::initializeSoundCapacity
========================================= 
[11번째 에러]
날짜=07/29/10
시간=03:42:29
에러종류=경고XX:	뮤직뱅크가 꽉 찼습니다. 음악을 추가하지 못했습니다.
에러가 발생한 함수명=CAudio::loadSound
========================================= 
[12번째 에러]
날짜=07/29/10
시간=03:42:29
에러종류=경고XX:	뮤직뱅크가 꽉 찼습니다. 음악을 추가하지 못했습니다.
에러가 발생한 함수명=CAudio::loadSound
========================================= 
[13번째 에러]
날짜=07/29/10
시간=03:44:26
에러종류=경고XX:	효과음뱅크의 허용량(capacity)의 설정이 0보다 작거나 같습니다. 음악 파일을 추가하지 못하게됩니다.
에러가 발생한 함수명=CAudio::initializeSoundCapacity
========================================= 
[14번째 에러]
날짜=07/29/10
시간=22:29:25
에러종류=경고XX:	뮤직뱅크가 꽉 찼습니다. 음악을 추가하지 못했습니다.
에러가 발생한 함수명=CAudio::loadMusic
========================================= 
[15번째 에러]
날짜=07/30/10
시간=21:40:48
에러종류=경고XX:	 Ogg, fopen 실패. 파일명:..\resource\moteke.ogg
에러가 발생한 함수명=COggLoader::open
========================================= 
[16번째 에러]
날짜=07/30/10
시간=21:40:48
에러종류=경고XX:	지원하는 음악파일이지만, 읽는데 실패했습니다. 파일이 재생되지 않습니다. 파일명: ..\resource\moteke.ogg
에러가 발생한 함수명=CAudioBuffer::load
========================================= 
[17번째 에러]
날짜=08/03/10
시간=16:40:51
에러종류=release... start
에러가 발생한 함수명=CAudio::release
========================================= 
[18번째 에러]
날짜=08/03/10
시간=16:40:51
에러종류=releaseresource end
에러가 발생한 함수명=CAudio::release
========================================= 
[19번째 에러]
날짜=08/03/10
시간=23:48:53
에러종류=release device end
에러가 발생한 함수명=CAudio::release
========================================= 
[20번째 에러]
날짜=08/04/10
시간=00:03:03
에러종류=release device end
에러가 발생한 함수명=CAudio::release
========================================= 
[21번째 에러]
날짜=08/04/10
시간=00:06:11
에러종류=release device end
에러가 발생한 함수명=CAudio::release
========================================= 
[22번째 에러]
날짜=08/04/10
시간=00:06:24
에러종류=release device end
에러가 발생한 함수명=CAudio::release
========================================= 
[23번째 에러]
날짜=08/04/10
시간=00:11:54
에러종류=release device end
에러가 발생한 함수명=CAudio::release
========================================= 
[24번째 에러]
날짜=08/04/10
시간=00:14:16
에러종류=release device end
에러가 발생한 함수명=CAudio::release
========================================= 
[25번째 에러]
날짜=08/04/10
시간=00:15:39
에러종류=release device end
에러가 발생한 함수명=CAudio::release
========================================= 
[26번째 에러]
날짜=08/04/10
시간=00:15:49
에러종류=release device end
에러가 발생한 함수명=CAudio::release
========================================= 
[27번째 에러]
날짜=08/04/10
시간=00:18:35
에러종류=release device end
에러가 발생한 함수명=CAudio::release
========================================= 
[28번째 에러]
날짜=08/13/10
시간=19:36:35
에러종류=경고XX:	 Ogg, fopen 실패. 파일명:..\resource\moteke.ogg
에러가 발생한 함수명=COggLoader::open
========================================= 
[29번째 에러]
날짜=08/13/10
시간=19:36:35
에러종류=경고XX:	지원하는 음악파일이지만, 읽는데 실패했습니다. 파일이 재생되지 않습니다. 파일명: ..\resource\moteke.ogg
에러가 발생한 함수명=CAudioBuffer::load
========================================= 
[30번째 에러]
날짜=08/13/10
시간=19:36:35
에러종류=경고XX:	 Ogg, fopen 실패. 파일명:..\resource\moteke.ogg
에러가 발생한 함수명=COggLoader::open
========================================= 
[31번째 에러]
날짜=08/13/10
시간=19:36:35
에러종류=경고XX:	지원하는 음악파일이지만, 읽는데 실패했습니다. 파일이 재생되지 않습니다. 파일명: ..\resource\moteke.ogg
에러가 발생한 함수명=CAudioBuffer::load
========================================= 
[32번째 에러]
날짜=08/13/10
시간=19:36:35
에러종류=경고XX:	지원하는 음악파일이지만, 읽는데 실패했습니다. 파일이 재생되지 않습니다. 파일명: ..\resource\heli.wav
에러가 발생한 함수명=CAudioBuffer::load
========================================= 
