Z:\HDDMount\Loaded\Projects\Node\Projects\Core\Solutions\VisualStudio2012\Kernal\Developer.Debug\BaseConnector.obj
Z:\HDDMount\Loaded\Projects\Node\Projects\Core\Solutions\VisualStudio2012\Kernal\Developer.Debug\DLLHeader.obj
Z:\HDDMount\Loaded\Projects\Node\Projects\Core\Solutions\VisualStudio2012\Kernal\Developer.Debug\Factory.obj
Z:\HDDMount\Loaded\Projects\Node\Projects\Core\Solutions\VisualStudio2012\Kernal\Developer.Debug\Flag.obj
Z:\HDDMount\Loaded\Projects\Node\Projects\Core\Solutions\VisualStudio2012\Kernal\Developer.Debug\Header.obj
Z:\HDDMount\Loaded\Projects\Node\Projects\Core\Solutions\VisualStudio2012\Kernal\Developer.Debug\Identifier.obj
Z:\HDDMount\Loaded\Projects\Node\Projects\Core\Solutions\VisualStudio2012\Kernal\Developer.Debug\Kernal.obj
Z:\HDDMount\Loaded\Projects\Node\Projects\Core\Solutions\VisualStudio2012\Kernal\Developer.Debug\LocalStack.obj
Z:\HDDMount\Loaded\Projects\Node\Projects\Core\Solutions\VisualStudio2012\Kernal\Developer.Debug\main.obj
Z:\HDDMount\Loaded\Projects\Node\Projects\Core\Solutions\VisualStudio2012\Kernal\Developer.Debug\ModifiableSettings.obj
Z:\HDDMount\Loaded\Projects\Node\Projects\Core\Solutions\VisualStudio2012\Kernal\Developer.Debug\ModuleHeader.obj
Z:\HDDMount\Loaded\Projects\Node\Projects\Core\Solutions\VisualStudio2012\Kernal\Developer.Debug\NEBinaryLoaderTemplates.obj
Z:\HDDMount\Loaded\Projects\Node\Projects\Core\Solutions\VisualStudio2012\Kernal\Developer.Debug\NEBinarySaverTemplates.obj
Z:\HDDMount\Loaded\Projects\Node\Projects\Core\Solutions\VisualStudio2012\Kernal\Developer.Debug\NEDebugManager.obj
Z:\HDDMount\Loaded\Projects\Node\Projects\Core\Solutions\VisualStudio2012\Kernal\Developer.Debug\NEEnrollableNodeList.obj
Z:\HDDMount\Loaded\Projects\Node\Projects\Core\Solutions\VisualStudio2012\Kernal\Developer.Debug\NEExportable.obj
Z:\HDDMount\Loaded\Projects\Node\Projects\Core\Solutions\VisualStudio2012\Kernal\Developer.Debug\NEINIManager.obj
Z:\HDDMount\Loaded\Projects\Node\Projects\Core\Solutions\VisualStudio2012\Kernal\Developer.Debug\NEKey.obj
Z:\HDDMount\Loaded\Projects\Node\Projects\Core\Solutions\VisualStudio2012\Kernal\Developer.Debug\NEKeySet.obj
Z:\HDDMount\Loaded\Projects\Node\Projects\Core\Solutions\VisualStudio2012\Kernal\Developer.Debug\NEKeyTemplate.obj
Z:\HDDMount\Loaded\Projects\Node\Projects\Core\Solutions\VisualStudio2012\Kernal\Developer.Debug\NEManagedModuleSet.obj
Z:\HDDMount\Loaded\Projects\Node\Projects\Core\Solutions\VisualStudio2012\Kernal\Developer.Debug\NEManagedNodeList.obj
Z:\HDDMount\Loaded\Projects\Node\Projects\Core\Solutions\VisualStudio2012\Kernal\Developer.Debug\NEManagedNodeSet.obj
Z:\HDDMount\Loaded\Projects\Node\Projects\Core\Solutions\VisualStudio2012\Kernal\Developer.Debug\NEModule.obj
Z:\HDDMount\Loaded\Projects\Node\Projects\Core\Solutions\VisualStudio2012\Kernal\Developer.Debug\NEModuleDepthUnit.obj
Z:\HDDMount\Loaded\Projects\Node\Projects\Core\Solutions\VisualStudio2012\Kernal\Developer.Debug\NEModuleManager.obj
Z:\HDDMount\Loaded\Projects\Node\Projects\Core\Solutions\VisualStudio2012\Kernal\Developer.Debug\NEModuleScriptCodeSet.obj
Z:\HDDMount\Loaded\Projects\Node\Projects\Core\Solutions\VisualStudio2012\Kernal\Developer.Debug\NEModuleSet.obj
Z:\HDDMount\Loaded\Projects\Node\Projects\Core\Solutions\VisualStudio2012\Kernal\Developer.Debug\NENamedUnit.obj
Z:\HDDMount\Loaded\Projects\Node\Projects\Core\Solutions\VisualStudio2012\Kernal\Developer.Debug\NENode.obj
Z:\HDDMount\Loaded\Projects\Node\Projects\Core\Solutions\VisualStudio2012\Kernal\Developer.Debug\NENodeManager.obj
Z:\HDDMount\Loaded\Projects\Node\Projects\Core\Solutions\VisualStudio2012\Kernal\Developer.Debug\NENodeSelector.obj
Z:\HDDMount\Loaded\Projects\Node\Projects\Core\Solutions\VisualStudio2012\Kernal\Developer.Debug\NENodeSelectorBase.obj
Z:\HDDMount\Loaded\Projects\Node\Projects\Core\Solutions\VisualStudio2012\Kernal\Developer.Debug\NENodeSelectorInterface.obj
Z:\HDDMount\Loaded\Projects\Node\Projects\Core\Solutions\VisualStudio2012\Kernal\Developer.Debug\NENodeSet.obj
Z:\HDDMount\Loaded\Projects\Node\Projects\Core\Solutions\VisualStudio2012\Kernal\Developer.Debug\NEObject.obj
Z:\HDDMount\Loaded\Projects\Node\Projects\Core\Solutions\VisualStudio2012\Kernal\Developer.Debug\NEResult.obj
Z:\HDDMount\Loaded\Projects\Node\Projects\Core\Solutions\VisualStudio2012\Kernal\Developer.Debug\NEScriptManager.obj
Z:\HDDMount\Loaded\Projects\Node\Projects\Core\Solutions\VisualStudio2012\Kernal\Developer.Debug\NEShortCutSet.obj
Z:\HDDMount\Loaded\Projects\Node\Projects\Core\Solutions\VisualStudio2012\Kernal\Developer.Debug\NEString.obj
Z:\HDDMount\Loaded\Projects\Node\Projects\Core\Solutions\VisualStudio2012\Kernal\Developer.Debug\NEType.obj
Z:\HDDMount\Loaded\Projects\Node\Projects\Core\Solutions\VisualStudio2012\Kernal\Developer.Debug\NEUnit.obj
Z:\HDDMount\Loaded\Projects\Node\Projects\Core\Solutions\VisualStudio2012\Kernal\Developer.Debug\NEWString.obj
Z:\HDDMount\Loaded\Projects\Node\Projects\Core\Solutions\VisualStudio2012\Kernal\Developer.Debug\ScriptHeader.obj
Z:\HDDMount\Loaded\Projects\Node\Projects\Core\Solutions\VisualStudio2012\Kernal\Developer.Debug\Settings.obj
Z:\HDDMount\Loaded\Projects\Node\Projects\Core\Solutions\VisualStudio2012\Kernal\Developer.Debug\Kernal.dev.dbg.dll.intermediate.manifest
Z:\HDDMount\Loaded\Projects\Node\Projects\Core\Solutions\VisualStudio2012\Kernal\Developer.Debug\vc90.idb
Z:\HDDMount\Loaded\Projects\Node\Projects\Core\Solutions\VisualStudio2012\Kernal\Developer.Debug\vc90.pdb
